Starting NEI Filter scripting. This might take a moment to load all the modules...
Setting up Java Library...
Setting up FML Library...
Setting up NEI Library...
Setting up CreativeTab library...
DragonAPI:minecraft:bed_technical has a bad registry name! Attempting to parse and reassemble correctly...
Parsed bad name into: minecraft:bed_technical. If this is not correct please report it as a bug!
DragonAPI:minecraft:brewing_stand_technical has a bad registry name! Attempting to parse and reassemble correctly...
Parsed bad name into: minecraft:brewing_stand_technical. If this is not correct please report it as a bug!
DragonAPI:minecraft:cake_technical has a bad registry name! Attempting to parse and reassemble correctly...
Parsed bad name into: minecraft:cake_technical. If this is not correct please report it as a bug!
DragonAPI:minecraft:cauldron_technical has a bad registry name! Attempting to parse and reassemble correctly...
Parsed bad name into: minecraft:cauldron_technical. If this is not correct please report it as a bug!
DragonAPI:minecraft:flower_pot_technical has a bad registry name! Attempting to parse and reassemble correctly...
Parsed bad name into: minecraft:flower_pot_technical. If this is not correct please report it as a bug!
DragonAPI:minecraft:iron_door_technical has a bad registry name! Attempting to parse and reassemble correctly...
Parsed bad name into: minecraft:iron_door_technical. If this is not correct please report it as a bug!
DragonAPI:minecraft:lit_redstone_lamp_technical has a bad registry name! Attempting to parse and reassemble correctly...
Parsed bad name into: minecraft:lit_redstone_lamp_technical. If this is not correct please report it as a bug!
DragonAPI:minecraft:lit_redstone_ore_technical has a bad registry name! Attempting to parse and reassemble correctly...
Parsed bad name into: minecraft:lit_redstone_ore_technical. If this is not correct please report it as a bug!
DragonAPI:minecraft:melon_stem_technical has a bad registry name! Attempting to parse and reassemble correctly...
Parsed bad name into: minecraft:melon_stem_technical. If this is not correct please report it as a bug!
DragonAPI:minecraft:nether_wart_technical has a bad registry name! Attempting to parse and reassemble correctly...
Parsed bad name into: minecraft:nether_wart_technical. If this is not correct please report it as a bug!
DragonAPI:minecraft:piston_head_technical has a bad registry name! Attempting to parse and reassemble correctly...
Parsed bad name into: minecraft:piston_head_technical. If this is not correct please report it as a bug!
DragonAPI:minecraft:powered_comparator_technical has a bad registry name! Attempting to parse and reassemble correctly...
Parsed bad name into: minecraft:powered_comparator_technical. If this is not correct please report it as a bug!
DragonAPI:minecraft:powered_repeater_technical has a bad registry name! Attempting to parse and reassemble correctly...
Parsed bad name into: minecraft:powered_repeater_technical. If this is not correct please report it as a bug!
DragonAPI:minecraft:pumpkin_stem_technical has a bad registry name! Attempting to parse and reassemble correctly...
Parsed bad name into: minecraft:pumpkin_stem_technical. If this is not correct please report it as a bug!
DragonAPI:minecraft:redstone_wire_technical has a bad registry name! Attempting to parse and reassemble correctly...
Parsed bad name into: minecraft:redstone_wire_technical. If this is not correct please report it as a bug!
DragonAPI:minecraft:reeds_technical has a bad registry name! Attempting to parse and reassemble correctly...
Parsed bad name into: minecraft:reeds_technical. If this is not correct please report it as a bug!
DragonAPI:minecraft:skull_technical has a bad registry name! Attempting to parse and reassemble correctly...
Parsed bad name into: minecraft:skull_technical. If this is not correct please report it as a bug!
DragonAPI:minecraft:standing_sign_technical has a bad registry name! Attempting to parse and reassemble correctly...
Parsed bad name into: minecraft:standing_sign_technical. If this is not correct please report it as a bug!
DragonAPI:minecraft:tripwire_technical has a bad registry name! Attempting to parse and reassemble correctly...
Parsed bad name into: minecraft:tripwire_technical. If this is not correct please report it as a bug!
DragonAPI:minecraft:unlit_redstone_torch_technical has a bad registry name! Attempting to parse and reassemble correctly...
Parsed bad name into: minecraft:unlit_redstone_torch_technical. If this is not correct please report it as a bug!
DragonAPI:minecraft:unpowered_comparator_technical has a bad registry name! Attempting to parse and reassemble correctly...
Parsed bad name into: minecraft:unpowered_comparator_technical. If this is not correct please report it as a bug!
DragonAPI:minecraft:unpowered_repeater_technical has a bad registry name! Attempting to parse and reassemble correctly...
Parsed bad name into: minecraft:unpowered_repeater_technical. If this is not correct please report it as a bug!
DragonAPI:minecraft:wall_sign_technical has a bad registry name! Attempting to parse and reassemble correctly...
Parsed bad name into: minecraft:wall_sign_technical. If this is not correct please report it as a bug!
DragonAPI:minecraft:wheat_technical has a bad registry name! Attempting to parse and reassemble correctly...
Parsed bad name into: minecraft:wheat_technical. If this is not correct please report it as a bug!
DragonAPI:minecraft:wooden_door_technical has a bad registry name! Attempting to parse and reassemble correctly...
Parsed bad name into: minecraft:wooden_door_technical. If this is not correct please report it as a bug!
Found creative tab: IC2
Found creative tab: tabBloodMagic
Found creative tab: misc
Found creative tab: transportation
Found creative tab: tools
Found creative tab: BiblioCraft
Found creative tab: BiblioCraftLights
Found creative tab: BiblioWoodsBoP
Found creative tab: BiblioWoodsForestry
Found creative tab: BiblioWoodsNatura
Found creative tab: tabBiomesOPlenty
Found creative tab: CarpentersBlocks
Found creative tab: ElectriCraft
Found creative tab: extraUtil
Found creative tab: combat
Found creative tab: extraUtil_FMP
Found creative tab: forbidden
Found creative tab: mobcrystal
Found creative tab: forestry
Found creative tab: apiculture
Found creative tab: arboriculture
Found creative tab: lepidopterology
Found creative tab: GalacticraftItems
Found creative tab: GalacticraftBlocks
Found creative tab: IC2 NuclearControl 2
Found creative tab: decorations
Found creative tab: jabba
Found creative tab: materials
Found creative tab: magicBees
Found creative tab: food
Found creative tab: natura.plants
Found creative tab: redstone
Found creative tab: natura.nether
Found creative tab: natura.trees
Found creative tab: tabOpenBlocks
Found creative tab: OpenComputers
Found creative tab: brewing
Found creative tab: buildingBlocks
Found creative tab: rio
Found creative tab: railcraft
Found creative tab: ReactorCraft
Found creative tab: RotaryCraft
Found creative tab: RotaryTools
Found creative tab: RotaryItems
Found creative tab: RotaryModOres
Found creative tab: Spawners
Found creative tab: sfm
Found creative tab: TConstructBlocks
Found creative tab: TConstructTools
Found creative tab: TConstructParts
Found creative tab: TConstructMaterials
Found creative tab: TConstructEquipables
Found creative tab: TMechworks
Found creative tab: thaumcraft
Found creative tab: ThaumicTinkerer
Found creative tab: twilightForest
Found creative tab: undergroundBiomesBlocks
Found creative tab: undergroundBiomesItems
Found creative tab: warptheory.tab
Found creative tab: aobd
Found creative tab: appliedenergistics2
Found creative tab: appliedenergistics2.facades
Found creative tab: tabChiselBlocks
Found creative tab: tabChisel
Found creative tab: tabComputronics
Found creative tab: Extra_Cells
Found creative tab: bdew.gendustry
Found creative tab: bdew.samples
Found creative tab: bdew.templates
Found creative tab: GregTech
Found creative tab: tabHarvestCraft2
Found creative tab: tabHarvestCraft
Found creative tab: tabHarvestCraft3
Found creative tab: ThaumicEnergistics
Setting up ForgeMicroblock Library...
Setting up ExtraUtilities Library...
Setting up Applied Energistics 2 Library...
Loading table of contents for module: custom_nei_filters, 1.0, Author: denoflionsx
Bootstrap setting found. Loading: Bootstrap.js
Loading: vanilla.js
override called. Params: minecraft, portal
hide called. Params: minecraft, portal
Found ItemStack minecraft:portal. 32xtile.portal@0
override called. Params: minecraft, end_portal
hide called. Params: minecraft, end_portal
Found ItemStack minecraft:end_portal. 32xtile.null@0
override called. Params: minecraft, fire
hide called. Params: minecraft, fire
Found ItemStack minecraft:fire. 32xtile.fire@0
override called. Params: minecraft, water
hide called. Params: minecraft, water
Found ItemStack minecraft:water. 32xtile.water@0
override called. Params: minecraft, lava
hide called. Params: minecraft, lava
Found ItemStack minecraft:lava. 32xtile.lava@0
override called. Params: minecraft, mob_spawner
hide called. Params: minecraft, mob_spawner
Found ItemStack minecraft:mob_spawner. 16xtile.mobSpawner@0
override called. Params: potion, 0
override called. Params: minecraft, potion
Found ItemStack minecraft:potion. 1xitem.potion@0
override called. Params: spawn_egg, 0
override called. Params: minecraft, spawn_egg
Found ItemStack minecraft:spawn_egg. 32xitem.monsterPlacer@0
Loading: ThermalExpansion.js
Loading: Mekanism.js
Loading: ForgeMicroblock.js
getRandomMaterial called. Returned: tile.Decoration.BrickFancy_15
obliterate_microblocks called (version in info.inpureprojects.core.NEI.gtfoMicroblocks.ScriptObjects.ForgeMicroblockObject). Params: 1,2,4,257,258,260,513,514,516,769,770,772, tile.Decoration.BrickFancy_15
Loading: ExtraUtilities.js
override called. Params: drum, 0,1
override called. Params: ExtraUtilities, drum
Found ItemStack ExtraUtilities:drum. 16xtile.extrautils:drum@0
getRandomMaterial called. Returned: tile.Decoration.BrickFancy_11
obliterate_microblocks called (version in info.inpureprojects.core.NEI.gtfoMicroblocks.ScriptObjects.ExtraUtilitiesObject). Params: 1,2,3, tile.Decoration.BrickFancy_11
Loading: BuildCraft.js
Loading: Bibliocraft.js
override called. Params: *, 0
override called. Params: BiblioCraft, *
Wildcard found in parameters. Running through RegxEngine...
Regx match found! BiblioCraft:* matches BiblioCraft:Armor.
Cannot find ItemStack BiblioCraft:Armor
Regx match found! BiblioCraft:* matches BiblioCraft:BiblioBell.
Found ItemStack BiblioCraft:BiblioBell. 11xtile.BiblioBell@0
Regx match found! BiblioCraft:* matches BiblioCraft:BiblioBorderlessPainting.
Found ItemStack BiblioCraft:BiblioBorderlessPainting. 32xtile.BiblioBorderlessPainting@0
Regx match found! BiblioCraft:* matches BiblioCraft:BiblioCase.
Found ItemStack BiblioCraft:BiblioCase. 32xtile.BiblioCase@0
Regx match found! BiblioCraft:* matches BiblioCraft:BiblioClock.
Found ItemStack BiblioCraft:BiblioClock. 32xtile.BiblioClock@0
Regx match found! BiblioCraft:* matches BiblioCraft:BiblioDesk.
Found ItemStack BiblioCraft:BiblioDesk. 32xtile.BiblioDesk@0
Regx match found! BiblioCraft:* matches BiblioCraft:BiblioFancyPainting.
Found ItemStack BiblioCraft:BiblioFancyPainting. 32xtile.BiblioFancyPainting@0
Regx match found! BiblioCraft:* matches BiblioCraft:BiblioFancySign.
Found ItemStack BiblioCraft:BiblioFancySign. 32xtile.BiblioFancySign@0
Regx match found! BiblioCraft:* matches BiblioCraft:BiblioFlatPainting.
Found ItemStack BiblioCraft:BiblioFlatPainting. 32xtile.BiblioFlatPainting@0
Regx match found! BiblioCraft:* matches BiblioCraft:BiblioIronLamp.
Found ItemStack BiblioCraft:BiblioIronLamp. 11xtile.BiblioIronLamp@0
Regx match found! BiblioCraft:* matches BiblioCraft:BiblioIronLantern.
Found ItemStack BiblioCraft:BiblioIronLantern. 11xtile.BiblioIronLantern@0
Regx match found! BiblioCraft:* matches BiblioCraft:BiblioLabel.
Found ItemStack BiblioCraft:BiblioLabel. 32xtile.BiblioLabel@0
Regx match found! BiblioCraft:* matches BiblioCraft:BiblioLamp.
Found ItemStack BiblioCraft:BiblioLamp. 11xtile.BiblioLamp@0
Regx match found! BiblioCraft:* matches BiblioCraft:BiblioLantern.
Found ItemStack BiblioCraft:BiblioLantern. 11xtile.BiblioLantern@0
Regx match found! BiblioCraft:* matches BiblioCraft:BiblioMapFrames.
Found ItemStack BiblioCraft:BiblioMapFrames. 32xtile.BiblioMapFrames@0
Regx match found! BiblioCraft:* matches BiblioCraft:BiblioMiddlePainting.
Found ItemStack BiblioCraft:BiblioMiddlePainting. 32xtile.BiblioMiddlePainting@0
Regx match found! BiblioCraft:* matches BiblioCraft:BiblioPaintPress.
Found ItemStack BiblioCraft:BiblioPaintPress. 11xtile.BiblioPaintPress@0
Regx match found! BiblioCraft:* matches BiblioCraft:BiblioPotionShelf.
Found ItemStack BiblioCraft:BiblioPotionShelf. 32xtile.BiblioPotionShelf@0
Regx match found! BiblioCraft:* matches BiblioCraft:BiblioRack.
Found ItemStack BiblioCraft:BiblioRack. 32xtile.BiblioRack@0
Regx match found! BiblioCraft:* matches BiblioCraft:BiblioSeats.
Found ItemStack BiblioCraft:BiblioSeats. 32xtile.BiblioSeats@0
Regx match found! BiblioCraft:* matches BiblioCraft:BiblioShelf.
Found ItemStack BiblioCraft:BiblioShelf. 32xtile.BiblioShelf@0
Regx match found! BiblioCraft:* matches BiblioCraft:BiblioSimplePainting.
Found ItemStack BiblioCraft:BiblioSimplePainting. 32xtile.BiblioSimplePainting@0
Regx match found! BiblioCraft:* matches BiblioCraft:BiblioStuffs.
Found ItemStack BiblioCraft:BiblioStuffs. 16xtile.BiblioStuffs@0
Regx match found! BiblioCraft:* matches BiblioCraft:BiblioSwordPedestal.
Found ItemStack BiblioCraft:BiblioSwordPedestal. 16xtile.BiblioSwordPedestal@0
Regx match found! BiblioCraft:* matches BiblioCraft:BiblioTable.
Found ItemStack BiblioCraft:BiblioTable. 32xtile.BiblioTable@0
Regx match found! BiblioCraft:* matches BiblioCraft:BiblioTypewriter.
Found ItemStack BiblioCraft:BiblioTypewriter. 11xtile.BiblioTypewriter@0
Regx match found! BiblioCraft:* matches BiblioCraft:BiblioWorkbench.
Found ItemStack BiblioCraft:BiblioWorkbench. 32xtile.BiblioWorkbench@0
Regx match found! BiblioCraft:* matches BiblioCraft:Bibliotheca.
Found ItemStack BiblioCraft:Bibliotheca. 32xtile.BiblioBookcase@0
Regx match found! BiblioCraft:* matches BiblioCraft:Printing.
Cannot find ItemStack BiblioCraft:Printing
Regx match found! BiblioCraft:* matches BiblioCraft:Typesetting.
Cannot find ItemStack BiblioCraft:Typesetting
Regx match found! BiblioCraft:* matches BiblioCraft:item.AtlasBook.
Found ItemStack BiblioCraft:item.AtlasBook. 1xitem.AtlasBook@0
Regx match found! BiblioCraft:* matches BiblioCraft:item.AtlasPlate.
Found ItemStack BiblioCraft:item.AtlasPlate. 1xitem.AtlasPlate@0
Regx match found! BiblioCraft:* matches BiblioCraft:item.BiblioChase.
Found ItemStack BiblioCraft:item.BiblioChase. 32xitem.BiblioChase@0
Regx match found! BiblioCraft:* matches BiblioCraft:item.BiblioClipboard.
Found ItemStack BiblioCraft:item.BiblioClipboard. 1xitem.BiblioClipboard@0
Regx match found! BiblioCraft:* matches BiblioCraft:item.BiblioCreativeLock.
Found ItemStack BiblioCraft:item.BiblioCreativeLock. 1xitem.BiblioCreativeLock@0
Regx match found! BiblioCraft:* matches BiblioCraft:item.BiblioDrill.
Found ItemStack BiblioCraft:item.BiblioDrill. 1xitem.BiblioDrill@0
Regx match found! BiblioCraft:* matches BiblioCraft:item.BiblioGlasses.
Found ItemStack BiblioCraft:item.BiblioGlasses. 1xitem.BiblioGlasses@0
Regx match found! BiblioCraft:* matches BiblioCraft:item.BiblioMapTool.
Found ItemStack BiblioCraft:item.BiblioMapTool. 1xitem.BiblioMapTool@0
Regx match found! BiblioCraft:* matches BiblioCraft:item.BiblioRedBook.
Found ItemStack BiblioCraft:item.BiblioRedBook. 32xitem.BiblioRedBook@0
Regx match found! BiblioCraft:* matches BiblioCraft:item.BiblioWayPointCompass.
Found ItemStack BiblioCraft:item.BiblioWayPointCompass. 1xitem.BiblioWayPointCompass@0
Regx match found! BiblioCraft:* matches BiblioCraft:item.BigBook.
Found ItemStack BiblioCraft:item.BigBook. 1xitem.BigBook@0
Regx match found! BiblioCraft:* matches BiblioCraft:item.DeathCompass.
Found ItemStack BiblioCraft:item.DeathCompass. 32xitem.DeathCompass@0
Regx match found! BiblioCraft:* matches BiblioCraft:item.EnchantedPlate.
Found ItemStack BiblioCraft:item.EnchantedPlate. 1xitem.EnchantedPlate@0
Regx match found! BiblioCraft:* matches BiblioCraft:item.HandDrill.
Found ItemStack BiblioCraft:item.HandDrill. 1xitem.HandDrill@0
Regx match found! BiblioCraft:* matches BiblioCraft:item.PaintingCanvas.
Found ItemStack BiblioCraft:item.PaintingCanvas. 32xitem.PaintingCanvas@0
Regx match found! BiblioCraft:* matches BiblioCraft:item.PrintPlate.
Found ItemStack BiblioCraft:item.PrintPlate. 1xitem.PrintPlate@0
Regx match found! BiblioCraft:* matches BiblioCraft:item.RecipeBook.
Found ItemStack BiblioCraft:item.RecipeBook. 1xitem.RecipeBook@0
Regx match found! BiblioCraft:* matches BiblioCraft:item.SlottedBook.
Found ItemStack BiblioCraft:item.SlottedBook. 1xitem.SlottedBook@0
Regx match found! BiblioCraft:* matches BiblioCraft:item.TesterItem.
Found ItemStack BiblioCraft:item.TesterItem. 1xitem.TesterItem@0
Regx match found! BiblioCraft:* matches BiblioCraft:item.seatBack.
Found ItemStack BiblioCraft:item.seatBack. 32xitem.seatBack@0
Regx match found! BiblioCraft:* matches BiblioCraft:item.seatBack2.
Found ItemStack BiblioCraft:item.seatBack2. 32xitem.seatBack@0
Regx match found! BiblioCraft:* matches BiblioCraft:item.seatBack3.
Found ItemStack BiblioCraft:item.seatBack3. 32xitem.seatBack@0
Regx match found! BiblioCraft:* matches BiblioCraft:item.seatBack4.
Found ItemStack BiblioCraft:item.seatBack4. 32xitem.seatBack@0
Regx match found! BiblioCraft:* matches BiblioCraft:item.seatBack5.
Found ItemStack BiblioCraft:item.seatBack5. 32xitem.seatBack@0
Regx match found! BiblioCraft:* matches BiblioCraft:item.tape.
Found ItemStack BiblioCraft:item.tape. 32xitem.tape@0
Regx match found! BiblioCraft:* matches BiblioCraft:item.tapeMeasure.
Found ItemStack BiblioCraft:item.tapeMeasure. 1xitem.tapeMeasure@0
Cannot find ItemStack BiblioCraft:*
Loading: AppliedEnergistics2.js
getFacadeItem called.
getSubTypes called.
getNumberOfTypes called. Returned: 1967
The function override_item is deprecated. Please use override instead! This function will be removed in a future version!
override called. Params: item.ItemFacade, 1280
override called. Params: appliedenergistics2, item.ItemFacade
Found ItemStack appliedenergistics2:item.ItemFacade. 32xitem.appliedenergistics2.ItemFacade@0
Loading: Tcon.js
override called. Params: tool*, 0
override called. Params: TConstruct, tool*
Wildcard found in parameters. Running through RegxEngine...
Regx match found! TConstruct:tool* matches TConstruct:toolRod.
Found ItemStack TConstruct:toolRod. 32xitem.tconstruct.ToolRod@0
Regx match found! TConstruct:tool* matches TConstruct:toolShard.
Found ItemStack TConstruct:toolShard. 32xitem.tconstruct.ToolShard@0
Cannot find ItemStack TConstruct:tool*
override called. Params: binding, 0
override called. Params: TConstruct, binding
Found ItemStack TConstruct:binding. 32xitem.tconstruct.Binding@0
override called. Params: scytheBlade, 0
override called. Params: TConstruct, scytheBlade
Found ItemStack TConstruct:scytheBlade. 32xitem.tconstruct.ScytheHead@0
Loading: MFR.js
